# Activity Log

## Run Summary
- 2026-03-17 12:38:59 | run=20260317-115411-18011 | iter=5 | mode=build | story=US-012 | duration=722s | status=success
- 2026-03-17 12:26:54 | run=20260317-115411-18011 | iter=4 | mode=build | story=US-011 | duration=255s | status=success
- 2026-03-17 12:22:35 | run=20260317-115411-18011 | iter=3 | mode=build | story=US-011 | duration=775s | status=success
- 2026-03-17 12:20:00 | run=20260317-115411-18011 | iter=3 | mode=build | story=US-011 | status=success
- 2026-03-17 12:09:36 | run=20260317-115411-18011 | iter=2 | mode=build | story=US-010 | duration=539s | status=success
- 2026-03-17 12:00:33 | run=20260317-115411-18011 | iter=1 | mode=build | story=US-009 | duration=381s | status=success
- 2026-03-17 11:44:34 | run=20260317-112130-86970 | iter=3 | mode=build | story=US-003 | duration=651s | status=success
- 2026-03-17 11:33:40 | run=20260317-112130-86970 | iter=2 | mode=build | story=US-002 | duration=341s | status=success
- 2026-03-17 11:27:56 | run=20260317-112130-86970 | iter=1 | mode=build | story=US-001 | duration=385s | status=success

## Events

[2026-03-17 11:21:32] ITERATION 1 start (mode=build story=US-001)
[2026-03-17 11:27:56] ITERATION 1 end (duration=385s)
[2026-03-17 11:28:01] ITERATION 2 start (mode=build story=US-002)
[2026-03-17 11:33:40] ITERATION 2 end (duration=341s)
[2026-03-17 11:33:45] ITERATION 3 start (mode=build story=US-003)
[2026-03-17 11:38:33] US-003: Starting XML ingest service implementation
[2026-03-17 11:44:34] ITERATION 3 end (duration=651s)
[2026-03-17 11:54:12] ITERATION 1 start (mode=build story=US-009)
[2026-03-17 11:58:00] US-009: Implemented Header.jsx, App.jsx, api/assets.js and tests
[2026-03-17 11:59:00] US-009: All 10 Vitest tests pass; lint and build pass; browser verified
[2026-03-17 11:59:30] US-009: Committed f484717; progress log updated
[2026-03-17 12:00:33] ITERATION 1 end (duration=381s)
[2026-03-17 12:00:37] ITERATION 2 start (mode=build story=US-010)
[2026-03-17 12:03:56] [US-010] START: Beginning implementation of Search and browse page — BrowsePage, SearchBar, FilterSidebar, AssetGrid, AssetCard, SkeletonCard, AssetDetailModal
[2026-03-17 12:07:55] [US-010] CODE: Implemented BrowsePage, SearchBar, FilterSidebar, AssetGrid, AssetCard, SkeletonCard, AssetDetailModal; updated App.jsx and App.test.jsx
[2026-03-17 12:07:55] [US-010] VERIFY: lint PASS, build PASS (192kB), vitest 16/16 PASS, browser check PASS (error banner visible when server offline)
[2026-03-17 12:09:24] [US-010] COMPLETE: committed eaa5bea, progress log updated, all quality gates passed
[2026-03-17 12:09:36] ITERATION 2 end (duration=539s)
[2026-03-17 12:09:42] ITERATION 3 start (mode=build story=US-011)
[2026-03-17 12:12:00] [US-011] START: Implementing AssetDetailModal — full detail modal with fetch, metadata table, quality badges, CDN copy, enrich button
[2026-03-17 12:17:00] [US-011] CODE: AssetDetailModal.jsx fully rewritten; AssetDetailModal.test.jsx created (8 tests); BrowsePage.jsx updated to pass selectedAssetId
[2026-03-17 12:18:00] [US-011] VERIFY: lint PASS, build PASS (198kB), vitest 24/24 PASS, browser modal verified with left/right panels, badges, CDN URL, Enrich button
[2026-03-17 12:20:00] [US-011] COMPLETE: committed f9ee19e, progress log updated
[2026-03-17 12:22:35] ITERATION 3 end (duration=775s)
[2026-03-17 12:22:41] ITERATION 4 start (mode=build story=US-011)
[2026-03-17 12:24:00] [US-011] ITER-4: Verifying existing implementation — all quality gates re-run, browser verification completed
[2026-03-17 12:25:00] [US-011] VERIFY: lint PASS, build PASS (198kB, 90 modules), vitest 24/24 PASS, browser modal: display_title, closeBtn, enrichBtn, copyBtn, qualityBadge all confirmed present
[2026-03-17 12:25:30] [US-011] COMPLETE: Committing leftover run/log files, appending iter-4 progress entry
[2026-03-17 12:26:54] ITERATION 4 end (duration=255s)
[2026-03-17 12:26:59] ITERATION 5 start (mode=build story=US-012)
[2026-03-17 12:32:29] [US-012] START: Starting implementation — UploadModal component with per-file enrichment status
[2026-03-17 12:35:18] [US-012] CODE: UploadModal.jsx + UploadModal.test.jsx created; BrowsePage.jsx + App.jsx updated for upload integration
[2026-03-17 12:37:20] [US-012] VERIFY: All tests pass (32/32), lint+build PASS, browser: modal opens, drop zone correct, ESC closes, folder toggle works
[2026-03-17 12:38:25] [US-012] PROGRESS: Updated progress.md with US-012 entry
[2026-03-17 12:38:59] ITERATION 5 end (duration=722s)
