# Error Log

> Failures and repeated issues. Use this to add guardrails.

[2026-03-17 11:27:56] ITERATION 1 left uncommitted changes; review run summary at /Users/mbaggie/Dev/FDE/Royal Caribbean.foundation/app/.ralph/runs/run-20260317-112130-86970-iter-1.md
[2026-03-17 11:33:40] ITERATION 2 left uncommitted changes; review run summary at /Users/mbaggie/Dev/FDE/Royal Caribbean.foundation/app/.ralph/runs/run-20260317-112130-86970-iter-2.md
[2026-03-17 11:44:34] ITERATION 3 left uncommitted changes; review run summary at /Users/mbaggie/Dev/FDE/Royal Caribbean.foundation/app/.ralph/runs/run-20260317-112130-86970-iter-3.md
[2026-03-17 12:00:33] ITERATION 1 left uncommitted changes; review run summary at /Users/mbaggie/Dev/FDE/Royal Caribbean.feature-frontend/app/.ralph/runs/run-20260317-115411-18011-iter-1.md
[2026-03-17 12:09:36] ITERATION 2 left uncommitted changes; review run summary at /Users/mbaggie/Dev/FDE/Royal Caribbean.feature-frontend/app/.ralph/runs/run-20260317-115411-18011-iter-2.md
[2026-03-17 12:22:35] ITERATION 3 left uncommitted changes; review run summary at /Users/mbaggie/Dev/FDE/Royal Caribbean.feature-frontend/app/.ralph/runs/run-20260317-115411-18011-iter-3.md
[2026-03-17 12:26:54] ITERATION 4 left uncommitted changes; review run summary at /Users/mbaggie/Dev/FDE/Royal Caribbean.feature-frontend/app/.ralph/runs/run-20260317-115411-18011-iter-4.md
[2026-03-17 12:38:59] ITERATION 5 left uncommitted changes; review run summary at /Users/mbaggie/Dev/FDE/Royal Caribbean.feature-frontend/app/.ralph/runs/run-20260317-115411-18011-iter-5.md
[2026-03-17 12:49:38] ITERATION 1 left uncommitted changes; review run summary at /Users/mbaggie/Dev/FDE/Royal Caribbean.feature-fixes/app/.ralph/runs/run-20260317-124548-57631-iter-1.md
[2026-03-17 12:52:01] ITERATION 2 left uncommitted changes; review run summary at /Users/mbaggie/Dev/FDE/Royal Caribbean.feature-fixes/app/.ralph/runs/run-20260317-124548-57631-iter-2.md
[2026-03-17 13:01:31] ITERATION 3 left uncommitted changes; review run summary at /Users/mbaggie/Dev/FDE/Royal Caribbean.feature-fixes/app/.ralph/runs/run-20260317-124548-57631-iter-3.md
[2026-03-17 13:12:52] ITERATION 1 left uncommitted changes; review run summary at /Users/mbaggie/Dev/FDE/Royal Caribbean.feature-enrichment/app/.ralph/runs/run-20260317-130555-79004-iter-1.md
[2026-03-17 13:16:58] ITERATION 2 left uncommitted changes; review run summary at /Users/mbaggie/Dev/FDE/Royal Caribbean.feature-enrichment/app/.ralph/runs/run-20260317-130555-79004-iter-2.md
[2026-03-17 13:23:40] ITERATION 3 left uncommitted changes; review run summary at /Users/mbaggie/Dev/FDE/Royal Caribbean.feature-enrichment/app/.ralph/runs/run-20260317-130555-79004-iter-3.md
[2026-03-17 13:57:14] ITERATION 1 left uncommitted changes; review run summary at /Users/mbaggie/Dev/FDE/Royal Caribbean.feature-enrichment/app/.ralph/runs/run-20260317-135226-8143-iter-1.md
[2026-03-17 13:59:40] ITERATION 2 left uncommitted changes; review run summary at /Users/mbaggie/Dev/FDE/Royal Caribbean.feature-enrichment/app/.ralph/runs/run-20260317-135226-8143-iter-2.md
[2026-03-17 14:04:22] ITERATION 3 left uncommitted changes; review run summary at /Users/mbaggie/Dev/FDE/Royal Caribbean.feature-enrichment/app/.ralph/runs/run-20260317-135226-8143-iter-3.md
[2026-03-17 14:08:10] ITERATION 4 left uncommitted changes; review run summary at /Users/mbaggie/Dev/FDE/Royal Caribbean.feature-enrichment/app/.ralph/runs/run-20260317-135226-8143-iter-4.md
[2026-03-17 20:06:32] ITERATION 1 left uncommitted changes; review run summary at /Users/mbaggie/Dev/FDE/Royal Caribbean.prd-layout/app/.ralph/runs/run-20260317-200352-54964-iter-1.md
[2026-03-17 20:12:36] ITERATION 2 left uncommitted changes; review run summary at /Users/mbaggie/Dev/FDE/Royal Caribbean.prd-layout/app/.ralph/runs/run-20260317-200352-54964-iter-2.md
[2026-03-17 20:16:53] ITERATION 3 left uncommitted changes; review run summary at /Users/mbaggie/Dev/FDE/Royal Caribbean.prd-layout/app/.ralph/runs/run-20260317-200352-54964-iter-3.md
[2026-03-17 20:34:17] ITERATION 1 left uncommitted changes; review run summary at /Users/mbaggie/Dev/FDE/Royal Caribbean.prd-enrichment-v2/app/.ralph/runs/run-20260317-203111-78144-iter-1.md
[2026-03-17 20:40:53] ITERATION 2 left uncommitted changes; review run summary at /Users/mbaggie/Dev/FDE/Royal Caribbean.prd-enrichment-v2/app/.ralph/runs/run-20260317-203111-78144-iter-2.md
[2026-03-17 20:42:42] ITERATION 3 left uncommitted changes; review run summary at /Users/mbaggie/Dev/FDE/Royal Caribbean.prd-enrichment-v2/app/.ralph/runs/run-20260317-203111-78144-iter-3.md
[2026-03-17 20:49:20] ITERATION 4 left uncommitted changes; review run summary at /Users/mbaggie/Dev/FDE/Royal Caribbean.prd-enrichment-v2/app/.ralph/runs/run-20260317-203111-78144-iter-4.md
[2026-03-17 22:20:06] ITERATION 1 left uncommitted changes; review run summary at /Users/mbaggie/Dev/FDE/Royal Caribbean.prd-ui-redesign/app/.ralph/runs/run-20260317-221620-26893-iter-1.md
[2026-03-17 22:24:42] ITERATION 2 left uncommitted changes; review run summary at /Users/mbaggie/Dev/FDE/Royal Caribbean.prd-ui-redesign/app/.ralph/runs/run-20260317-221620-26893-iter-2.md
[2026-03-17 22:31:03] ITERATION 3 left uncommitted changes; review run summary at /Users/mbaggie/Dev/FDE/Royal Caribbean.prd-ui-redesign/app/.ralph/runs/run-20260317-221620-26893-iter-3.md
[2026-03-17 22:34:51] ITERATION 4 left uncommitted changes; review run summary at /Users/mbaggie/Dev/FDE/Royal Caribbean.prd-ui-redesign/app/.ralph/runs/run-20260317-221620-26893-iter-4.md
[2026-03-17 22:39:16] ITERATION 5 left uncommitted changes; review run summary at /Users/mbaggie/Dev/FDE/Royal Caribbean.prd-ui-redesign/app/.ralph/runs/run-20260317-221620-26893-iter-5.md
[2026-03-17 22:43:04] ITERATION 6 left uncommitted changes; review run summary at /Users/mbaggie/Dev/FDE/Royal Caribbean.prd-ui-redesign/app/.ralph/runs/run-20260317-221620-26893-iter-6.md
[2026-03-17 22:47:04] ITERATION 7 left uncommitted changes; review run summary at /Users/mbaggie/Dev/FDE/Royal Caribbean.prd-ui-redesign/app/.ralph/runs/run-20260317-221620-26893-iter-7.md
[2026-03-19 06:32:07] ITERATION 1 left uncommitted changes; review run summary at /Users/mbaggie/Dev/FDE/Royal Caribbean.prd-modal-ux/app/.ralph/runs/run-20260319-062623-87899-iter-1.md
[2026-03-19 07:45:28] ITERATION 2 left uncommitted changes; review run summary at /Users/mbaggie/Dev/FDE/Royal Caribbean.prd-modal-ux/app/.ralph/runs/run-20260319-062623-87899-iter-2.md
[2026-03-19 09:40:32] ITERATION 3 left uncommitted changes; review run summary at /Users/mbaggie/Dev/FDE/Royal Caribbean.prd-modal-ux/app/.ralph/runs/run-20260319-062623-87899-iter-3.md
[2026-03-19 09:46:58] ITERATION 4 left uncommitted changes; review run summary at /Users/mbaggie/Dev/FDE/Royal Caribbean.prd-modal-ux/app/.ralph/runs/run-20260319-062623-87899-iter-4.md
[2026-03-19 09:50:56] ITERATION 5 left uncommitted changes; review run summary at /Users/mbaggie/Dev/FDE/Royal Caribbean.prd-modal-ux/app/.ralph/runs/run-20260319-062623-87899-iter-5.md
[2026-03-19 10:22:21] ITERATION 1 left uncommitted changes; review run summary at /Users/mbaggie/Dev/FDE/Royal Caribbean.prd-split-view/app/.ralph/runs/run-20260319-101540-41479-iter-1.md
[2026-03-19 10:40:08] ITERATION 2 left uncommitted changes; review run summary at /Users/mbaggie/Dev/FDE/Royal Caribbean.prd-split-view/app/.ralph/runs/run-20260319-101540-41479-iter-2.md
